[20:46:27] [main/INFO] (FabricLoader/GameProvider) Loading Minecraft 1.21.11 with Fabric Loader 0.18.4
[20:46:27] [main/INFO] (FabricLoader) Loading 51 mods:
	- combat-update 1.0.0
	- fabric-api 0.141.2+1.21.11
	- fabric-api-base 1.0.5+4ebb5c083e
	- fabric-api-lookup-api-v1 1.6.113+1fb1cde93e
	- fabric-biome-api-v1 17.1.1+4fc5413f3e
	- fabric-block-api-v1 1.1.10+4ebb5c083e
	- fabric-block-view-api-v2 1.0.39+4ebb5c083e
	- fabric-client-gametest-api-v1 4.3.5+bfe9fcf43e
	- fabric-command-api-v2 2.4.7+6b42a6003e
	- fabric-content-registries-v0 10.2.14+4fc5413f3e
	- fabric-convention-tags-v1 2.1.55+7f945d5b3e
	- fabric-convention-tags-v2 2.17.3+8ef948ba3e
	- fabric-crash-report-info-v1 0.3.23+4ebb5c083e
	- fabric-data-attachment-api-v1 1.8.47+eed0806f3e
	- fabric-data-generation-api-v1 23.4.0+69974c4e3e
	- fabric-dimensions-v1 4.0.28+4fc5413f3e
	- fabric-entity-events-v1 3.1.1+1d0ab4303e
	- fabric-events-interaction-v0 4.1.0+3b89ecf63e
	- fabric-game-rule-api-v1 2.0.3+4fc5413f3e
	- fabric-gametest-api-v1 3.1.27+4fc5413f3e
	- fabric-item-api-v1 11.5.20+d0c46b9e3e
	- fabric-item-group-api-v1 4.2.36+4fc5413f3e
	- fabric-key-binding-api-v1 1.1.7+4fc5413f3e
	- fabric-lifecycle-events-v1 2.6.15+4ebb5c083e
	- fabric-loot-api-v2 3.0.73+3f89f5a53e
	- fabric-loot-api-v3 2.0.20+78c8b4663e
	- fabric-message-api-v1 6.1.12+4ebb5c083e
	- fabric-model-loading-api-v1 6.0.14+4fc5413f3e
	- fabric-networking-api-v1 5.1.5+ae1e07683e
	- fabric-object-builder-api-v1 21.1.39+4fc5413f3e
	- fabric-particles-v1 4.2.11+4fc5413f3e
	- fabric-recipe-api-v1 8.2.3+4ebb5c083e
	- fabric-registry-sync-v0 6.2.5+1718722b3e
	- fabric-renderer-api-v1 8.0.2+f4ffd2e53e
	- fabric-renderer-indigo 5.0.2+f4ffd2e53e
	- fabric-rendering-fluids-v1 3.1.43+4ebb5c083e
	- fabric-rendering-v1 16.2.9+7edacff13e
	- fabric-resource-conditions-api-v1 5.0.35+4fc5413f3e
	- fabric-resource-loader-v0 3.3.4+4fc5413f3e
	- fabric-resource-loader-v1 1.0.10+78c8b4663e
	- fabric-screen-api-v1 3.1.7+4ebb5c083e
	- fabric-screen-handler-api-v1 1.3.161+4fc5413f3e
	- fabric-serialization-api-v1 1.0.5+4ebb5c083e
	- fabric-sound-api-v1 1.0.51+4fc5413f3e
	- fabric-tag-api-v1 1.2.20+4fc5413f3e
	- fabric-transfer-api-v1 6.0.24+4fc5413f3e
	- fabric-transitive-access-wideners-v1 7.1.0+014c8cec3e
	- fabricloader 0.18.4
	- java 21
	- minecraft 1.21.11
	- mixinextras 0.5.0
[20:46:27] [main/INFO] (FabricLoader/Mixin) SpongePowered MIXIN Subsystem Version=0.8.7 Source=file:/C:/Users/adria/.gradle/caches/modules-2/files-2.1/net.fabricmc/sponge-mixin/0.17.0+mixin.0.8.7/cf31463202f72d03b0ef1e1e38e8ee71b7faaab6/sponge-mixin-0.17.0+mixin.0.8.7.jar Service=Knot/Fabric Env=CLIENT
[20:46:27] [main/INFO] (FabricLoader/Mixin) Loaded Fabric development mappings for mixin remapper!
[20:46:27] [main/INFO] (FabricLoader/Mixin) Compatibility level set to JAVA_21
[20:46:28] [main/INFO] (FabricLoader/MixinExtras|Service) Initializing MixinExtras via com.llamalad7.mixinextras.service.MixinExtrasServiceImpl(version=0.5.0).
[20:46:29] [Datafixer Bootstrap/INFO] (Minecraft) 287 Datafixer optimizations took 375 milliseconds
[20:46:29] [main/WARN] (PerfmonDisabled) Invalid registry value type detected for PerfOS counters. Should be REG_DWORD. Ignoring: HKEY_LOCAL_MACHINE\SYSTEM\CurrentControlSet\Services\PerfOS\Performance\Disable Performance Counters.
[20:46:33] [Render thread/INFO] (Minecraft) Environment: Environment[sessionHost=https://sessionserver.mojang.com, servicesHost=https://api.minecraftservices.com, profilesHost=https://api.mojang.com, name=PROD]
[20:46:33] [Render thread/INFO] (Minecraft) Setting user: Player351
[20:46:33] [Render thread/INFO] (combat-update) Loaded 1 Blob Mods
[20:46:33] [Render thread/INFO] (Indigo) [Indigo] Registering Indigo renderer!
[20:46:33] [Download-2/ERROR] (Minecraft) Failed to fetch user properties
com.mojang.authlib.exceptions.InvalidCredentialsException: Status: 401
	at knot//com.mojang.authlib.exceptions.MinecraftClientHttpException.toAuthenticationException(MinecraftClientHttpException.java:59)
	at knot//com.mojang.authlib.yggdrasil.YggdrasilUserApiService.fetchProperties(YggdrasilUserApiService.java:150)
	at knot//net.minecraft.client.Minecraft.method_55608(Minecraft.java:450)
	at java.base/java.util.concurrent.CompletableFuture$AsyncSupply.run(CompletableFuture.java:1768)
	at java.base/java.util.concurrent.ThreadPoolExecutor.runWorker(ThreadPoolExecutor.java:1144)
	at java.base/java.util.concurrent.ThreadPoolExecutor$Worker.run(ThreadPoolExecutor.java:642)
	at java.base/java.lang.Thread.run(Thread.java:1583)
Caused by: com.mojang.authlib.exceptions.MinecraftClientHttpException: Status: 401
	at knot//com.mojang.authlib.minecraft.client.MinecraftClient.readInputStream(MinecraftClient.java:103)
	at knot//com.mojang.authlib.minecraft.client.MinecraftClient.get(MinecraftClient.java:56)
	at knot//com.mojang.authlib.yggdrasil.YggdrasilUserApiService.fetchProperties(YggdrasilUserApiService.java:121)
	... 5 more
[20:46:34] [Render thread/INFO] (Minecraft) Backend library: LWJGL version 3.3.3-snapshot
[20:46:34] [Render thread/INFO] (Minecraft) Using optional rendering extensions: GL_ARB_buffer_storage, GL_KHR_debug, GL_ARB_vertex_attrib_binding, GL_ARB_direct_state_access, GL_EXT_texture_filter_anisotropic
[20:46:35] [Render thread/INFO] (Minecraft) Reloading ResourceManager: vanilla, combat-update, fabric-api, fabric-api-base, fabric-api-lookup-api-v1, fabric-biome-api-v1, fabric-block-api-v1, fabric-block-view-api-v2, fabric-client-gametest-api-v1, fabric-command-api-v2, fabric-content-registries-v0, fabric-convention-tags-v1, fabric-convention-tags-v2, fabric-crash-report-info-v1, fabric-data-attachment-api-v1, fabric-data-generation-api-v1, fabric-dimensions-v1, fabric-entity-events-v1, fabric-events-interaction-v0, fabric-game-rule-api-v1, fabric-gametest-api-v1, fabric-item-api-v1, fabric-item-group-api-v1, fabric-key-binding-api-v1, fabric-lifecycle-events-v1, fabric-loot-api-v2, fabric-loot-api-v3, fabric-message-api-v1, fabric-model-loading-api-v1, fabric-networking-api-v1, fabric-object-builder-api-v1, fabric-particles-v1, fabric-recipe-api-v1, fabric-registry-sync-v0, fabric-renderer-api-v1, fabric-renderer-indigo, fabric-rendering-fluids-v1, fabric-rendering-v1, fabric-resource-conditions-api-v1, fabric-resource-loader-v0, fabric-resource-loader-v1, fabric-screen-api-v1, fabric-screen-handler-api-v1, fabric-serialization-api-v1, fabric-sound-api-v1, fabric-tag-api-v1, fabric-transfer-api-v1, fabric-transitive-access-wideners-v1, fabricloader
[20:46:35] [Download-2/INFO] (Minecraft) Could not authorize you against Realms server: java.lang.RuntimeException: Failed to parse into SignedJWT: FabricMC
[20:46:35] [Download-2/ERROR] (Minecraft) Failed to fetch Realms feature flags
com.mojang.realmsclient.exception.RealmsServiceException: Realms authentication error with message 'java.lang.RuntimeException: Failed to parse into SignedJWT: FabricMC'
	at knot//com.mojang.realmsclient.client.RealmsClient.execute(RealmsClient.java:505)
	at knot//com.mojang.realmsclient.client.RealmsClient.fetchFeatureFlags(RealmsClient.java:160)
	at java.base/java.util.concurrent.CompletableFuture$AsyncSupply.run(CompletableFuture.java:1768)
	at java.base/java.util.concurrent.ThreadPoolExecutor.runWorker(ThreadPoolExecutor.java:1144)
	at java.base/java.util.concurrent.ThreadPoolExecutor$Worker.run(ThreadPoolExecutor.java:642)
	at java.base/java.lang.Thread.run(Thread.java:1583)
[20:46:35] [Worker-Main-10/INFO] (Minecraft) Found unifont_pua-17.0.01.hex, loading
[20:46:35] [Worker-Main-3/INFO] (Minecraft) Found unifont_all_no_pua-17.0.01.hex, loading
[20:46:35] [Worker-Main-10/INFO] (Minecraft) Found unifont_jp_patch-17.0.01.hex, loading
[20:46:36] [Render thread/INFO] (Minecraft) OpenAL initialized on device OpenAL Soft on Speakers (2- Sound Blaster GS3)
[20:46:36] [Render thread/INFO] (Minecraft) Sound engine started
[20:46:36] [Render thread/INFO] (Minecraft) Created: 512x256x0 minecraft:textures/atlas/particles.png-atlas
[20:46:36] [Render thread/INFO] (Minecraft) Created: 128x128x0 minecraft:textures/atlas/decorated_pot.png-atlas
[20:46:36] [Render thread/INFO] (Minecraft) Created: 2048x1024x0 minecraft:textures/atlas/armor_trims.png-atlas
[20:46:36] [Render thread/INFO] (Minecraft) Created: 512x256x0 minecraft:textures/atlas/paintings.png-atlas
[20:46:36] [Render thread/INFO] (Minecraft) Created: 1024x512x0 minecraft:textures/atlas/shield_patterns.png-atlas
[20:46:36] [Render thread/INFO] (Minecraft) Created: 2048x2048x4 minecraft:textures/atlas/blocks.png-atlas
[20:46:36] [Render thread/INFO] (Minecraft) Created: 512x512x0 minecraft:textures/atlas/chest.png-atlas
[20:46:36] [Render thread/INFO] (Minecraft) Created: 256x128x0 minecraft:textures/atlas/celestials.png-atlas
[20:46:36] [Render thread/INFO] (Minecraft) Created: 1024x512x0 minecraft:textures/atlas/banner_patterns.png-atlas
[20:46:36] [Render thread/INFO] (Minecraft) Created: 512x512x0 minecraft:textures/atlas/beds.png-atlas
[20:46:36] [Render thread/INFO] (Minecraft) Created: 1024x512x0 minecraft:textures/atlas/items.png-atlas
[20:46:36] [Render thread/INFO] (Minecraft) Created: 1024x1024x0 minecraft:textures/atlas/gui.png-atlas
[20:46:36] [Render thread/INFO] (Minecraft) Created: 128x64x0 minecraft:textures/atlas/map_decorations.png-atlas
[20:46:36] [Render thread/INFO] (Minecraft) Created: 512x256x0 minecraft:textures/atlas/signs.png-atlas
[20:46:36] [Render thread/INFO] (Minecraft) Created: 512x512x0 minecraft:textures/atlas/shulker_boxes.png-atlas
[20:46:37] [IO-Worker-1/INFO] (Minecraft) Could not authorize you against Realms server: java.lang.RuntimeException: Failed to parse into SignedJWT: FabricMC
[20:46:37] [IO-Worker-1/ERROR] (Minecraft) Couldn't connect to realms
com.mojang.realmsclient.exception.RealmsServiceException: Realms authentication error with message 'java.lang.RuntimeException: Failed to parse into SignedJWT: FabricMC'
	at knot//com.mojang.realmsclient.client.RealmsClient.execute(RealmsClient.java:505)
	at knot//com.mojang.realmsclient.client.RealmsClient.clientCompatible(RealmsClient.java:283)
	at knot//com.mojang.realmsclient.RealmsAvailability.method_52627(RealmsAvailability.java:51)
	at java.base/java.util.concurrent.CompletableFuture$AsyncSupply.run(CompletableFuture.java:1768)
	at java.base/java.util.concurrent.ThreadPoolExecutor.runWorker(ThreadPoolExecutor.java:1144)
	at java.base/java.util.concurrent.ThreadPoolExecutor$Worker.run(ThreadPoolExecutor.java:642)
	at java.base/java.lang.Thread.run(Thread.java:1583)
[20:47:01] [Render thread/INFO] (Minecraft) Loaded 1470 recipes
[20:47:01] [Render thread/INFO] (Minecraft) Loaded 1584 advancements
[20:47:01] [Render thread/INFO] (BiomeModificationImpl) Applied 0 biome modifications to 0 of 65 new biomes in 1.147 ms
[20:47:01] [Server thread/INFO] (Minecraft) Starting integrated minecraft server version 1.21.11
[20:47:01] [Server thread/INFO] (Minecraft) Generating keypair
[20:47:01] [Server thread/INFO] (Minecraft) Loading 0 persistent chunks...
[20:47:01] [Server thread/INFO] (Minecraft) Preparing spawn area: 16%
[20:47:02] [Server thread/INFO] (Minecraft) Loading 49 chunks for player spawn...
[20:47:02] [Server thread/INFO] (Minecraft) Preparing spawn area: 16%
[20:47:02] [Server thread/INFO] (Minecraft) Time elapsed: 971 ms
[20:47:02] [Server thread/INFO] (Minecraft) Player351[local:E:512586df] logged in with entity id 43 at (-35.47650751978602, 66.0, 135.5505774764487)
[20:47:02] [Server thread/INFO] (Minecraft) Player351 joined the game
[20:47:02] [Render thread/INFO] (Minecraft) Loaded 31 advancements
[20:47:02] [Server thread/INFO] (Minecraft) Changing view distance to 8, from 10
[20:47:02] [Server thread/INFO] (Minecraft) Changing simulation distance to 5, from 0
[20:47:02] [Render thread/INFO] (Minecraft) Resizing Dynamic Transforms UBO, capacity limit of 2 reached during a single frame. New capacity will be 4.
[20:47:03] [Render thread/INFO] (Minecraft) Resizing Dynamic Transforms UBO, capacity limit of 4 reached during a single frame. New capacity will be 8.
[20:47:03] [Render thread/INFO] (Minecraft) Resizing Dynamic Transforms UBO, capacity limit of 8 reached during a single frame. New capacity will be 16.
[20:47:03] [Render thread/INFO] (Minecraft) Resizing Chunk Sections UBO, capacity limit of 2 reached during a single frame. New capacity will be 4.
[20:47:03] [Render thread/INFO] (Minecraft) Resizing Chunk Sections UBO, capacity limit of 4 reached during a single frame. New capacity will be 8.
[20:47:03] [Render thread/INFO] (Minecraft) Resizing Chunk Sections UBO, capacity limit of 8 reached during a single frame. New capacity will be 16.
[20:47:03] [Render thread/INFO] (Minecraft) Resizing Chunk Sections UBO, capacity limit of 16 reached during a single frame. New capacity will be 32.
[20:47:03] [Render thread/INFO] (Minecraft) Resizing Chunk Sections UBO, capacity limit of 32 reached during a single frame. New capacity will be 64.
[20:47:03] [Render thread/INFO] (Minecraft) Resizing Chunk Sections UBO, capacity limit of 64 reached during a single frame. New capacity will be 128.
[20:47:03] [Render thread/INFO] (Minecraft) Resizing Chunk Sections UBO, capacity limit of 128 reached during a single frame. New capacity will be 256.
[20:47:04] [Render thread/INFO] (Minecraft) Resizing Chunk Sections UBO, capacity limit of 256 reached during a single frame. New capacity will be 512.
[20:47:16] [Render thread/INFO] (Minecraft) [System] [CHAT] Healed
[20:47:17] [Server thread/INFO] (Minecraft) [Player351: Set own game mode to Creative Mode]
[20:47:17] [Render thread/INFO] (Minecraft) [System] [CHAT] Set own game mode to Creative Mode
[20:47:20] [Server thread/INFO] (Minecraft) [Player351: Set own game mode to Survival Mode]
[20:47:20] [Render thread/INFO] (Minecraft) [System] [CHAT] Set own game mode to Survival Mode
[20:47:36] [Render thread/INFO] (Minecraft) [System] [CHAT] Healed
[20:47:38] [Server thread/INFO] (Minecraft) [Player351: Set own game mode to Creative Mode]
[20:47:38] [Render thread/INFO] (Minecraft) [System] [CHAT] Set own game mode to Creative Mode
[20:47:42] [Server thread/INFO] (Minecraft) [Player351: Set own game mode to Survival Mode]
[20:47:42] [Render thread/INFO] (Minecraft) [System] [CHAT] Set own game mode to Survival Mode
[20:48:12] [Server thread/INFO] (Minecraft) [Player351: Set own game mode to Creative Mode]
[20:48:12] [Render thread/INFO] (Minecraft) [System] [CHAT] Set own game mode to Creative Mode
[20:48:26] [Render thread/WARN] (Minecraft) Unable to play empty soundEvent: minecraft:entity.cod.ambient
[20:48:35] [Render thread/WARN] (Minecraft) Unable to play empty soundEvent: minecraft:entity.salmon.ambient
[20:48:58] [Server thread/INFO] (Minecraft) Player351 has completed the challenge [Cover Me in Debris]
[20:48:58] [Render thread/INFO] (Minecraft) [System] [CHAT] Player351 has completed the challenge [Cover Me in Debris]
[20:48:58] [Render thread/INFO] (Minecraft) Loaded 34 advancements
[20:49:13] [Server thread/INFO] (Minecraft) [Player351: Set own game mode to Survival Mode]
[20:49:13] [Render thread/INFO] (Minecraft) [System] [CHAT] Set own game mode to Survival Mode
[20:49:17] [Server thread/INFO] (Minecraft) [Player351: Set own game mode to Creative Mode]
[20:49:17] [Render thread/INFO] (Minecraft) [System] [CHAT] Set own game mode to Creative Mode
[20:50:55] [Render thread/INFO] (Minecraft) [System] [CHAT] [Debug]: Reloading all chunks
[20:50:57] [Render thread/INFO] (Minecraft) [System] [CHAT] [Debug]: Advanced tooltips: shown
[20:51:10] [Render thread/INFO] (Minecraft) Loaded 44 advancements
[20:52:03] [Server thread/INFO] (Minecraft) [Player351: Replaced a slot on Player351 with [item.combat-update.test1]]
[20:52:03] [Render thread/INFO] (Minecraft) [System] [CHAT] Replaced a slot on Player351 with [item.combat-update.test1]
[20:52:10] [Render thread/INFO] (Minecraft) [System] [CHAT] No targets accepted item [item.combat-update.test1] into slot 102
[20:52:18] [Render thread/INFO] (Minecraft) [System] [CHAT] No targets accepted item [item.combat-update.test1] into slot 100
[20:52:19] [Server thread/INFO] (Minecraft) Saving and pausing game...
[20:52:19] [Server thread/INFO] (Minecraft) Saving chunks for level 'ServerLevel[New World]'/minecraft:overworld
[20:52:19] [Server thread/INFO] (Minecraft) Saving chunks for level 'ServerLevel[New World]'/minecraft:the_end
[20:52:19] [Server thread/INFO] (Minecraft) Saving chunks for level 'ServerLevel[New World]'/minecraft:the_nether
[20:52:19] [Server thread/INFO] (Minecraft) Saving and pausing game...
[20:52:19] [Server thread/INFO] (Minecraft) Saving chunks for level 'ServerLevel[New World]'/minecraft:overworld
[20:52:19] [Server thread/INFO] (Minecraft) Saving chunks for level 'ServerLevel[New World]'/minecraft:the_end
[20:52:19] [Server thread/INFO] (Minecraft) Saving chunks for level 'ServerLevel[New World]'/minecraft:the_nether
[20:52:32] [Render thread/INFO] (Minecraft) [System] [CHAT] No targets accepted item [item.combat-update.test1] into slot 100
[20:52:32] [Render thread/INFO] (Minecraft) [System] [CHAT] No targets accepted item [item.combat-update.test1] into slot 100
[20:52:33] [Render thread/INFO] (Minecraft) [System] [CHAT] No targets accepted item [item.combat-update.test1] into slot 100
[20:52:33] [Render thread/INFO] (Minecraft) [System] [CHAT] No targets accepted item [item.combat-update.test1] into slot 102
[20:52:34] [Render thread/INFO] (Minecraft) [System] [CHAT] No targets accepted item [item.combat-update.test1] into slot 102
[20:53:07] [Server thread/INFO] (Minecraft) Saving and pausing game...
[20:53:07] [Server thread/INFO] (Minecraft) Saving chunks for level 'ServerLevel[New World]'/minecraft:overworld
[20:53:07] [Server thread/INFO] (Minecraft) Saving chunks for level 'ServerLevel[New World]'/minecraft:the_end
[20:53:07] [Server thread/INFO] (Minecraft) Saving chunks for level 'ServerLevel[New World]'/minecraft:the_nether
[20:53:07] [Server thread/INFO] (Minecraft) Saving and pausing game...
[20:53:07] [Server thread/INFO] (Minecraft) Saving chunks for level 'ServerLevel[New World]'/minecraft:overworld
[20:53:07] [Server thread/INFO] (Minecraft) Saving chunks for level 'ServerLevel[New World]'/minecraft:the_end
[20:53:07] [Server thread/INFO] (Minecraft) Saving chunks for level 'ServerLevel[New World]'/minecraft:the_nether
[20:53:15] [Server thread/INFO] (Minecraft) [Player351: Applied enchantment Lunge III to Player351's item]
[20:53:15] [Render thread/INFO] (Minecraft) [System] [CHAT] Applied enchantment Lunge III to Player351's item
[20:53:17] [Server thread/INFO] (Minecraft) [Player351: Set own game mode to Survival Mode]
[20:53:17] [Render thread/INFO] (Minecraft) [System] [CHAT] Set own game mode to Survival Mode
[20:53:42] [Render thread/INFO] (Minecraft) [System] [CHAT] Healed
[20:54:22] [Server thread/INFO] (Minecraft) Saving and pausing game...
[20:54:22] [Server thread/INFO] (Minecraft) Saving chunks for level 'ServerLevel[New World]'/minecraft:overworld
[20:54:22] [Server thread/INFO] (Minecraft) Saving chunks for level 'ServerLevel[New World]'/minecraft:the_end
[20:54:22] [Server thread/INFO] (Minecraft) Saving chunks for level 'ServerLevel[New World]'/minecraft:the_nether
[20:54:22] [Server thread/INFO] (Minecraft) Player351 lost connection: Disconnected
[20:54:22] [Server thread/INFO] (Minecraft) Player351 left the game
[20:54:22] [Server thread/INFO] (Minecraft) Stopping singleplayer server as player logged out
[20:54:22] [Server thread/INFO] (Minecraft) Stopping server
[20:54:22] [Server thread/INFO] (Minecraft) Saving players
[20:54:22] [Server thread/INFO] (Minecraft) Saving worlds
[20:54:23] [Server thread/INFO] (Minecraft) Saving chunks for level 'ServerLevel[New World]'/minecraft:overworld
[20:54:23] [Server thread/INFO] (Minecraft) Saving chunks for level 'ServerLevel[New World]'/minecraft:the_end
[20:54:23] [Server thread/INFO] (Minecraft) Saving chunks for level 'ServerLevel[New World]'/minecraft:the_nether
[20:54:23] [Server thread/INFO] (Minecraft) ThreadedAnvilChunkStorage (New World): All chunks are saved
[20:54:23] [Server thread/INFO] (Minecraft) ThreadedAnvilChunkStorage (DIM1): All chunks are saved
[20:54:23] [Server thread/INFO] (Minecraft) ThreadedAnvilChunkStorage (DIM-1): All chunks are saved
[20:54:23] [Server thread/INFO] (Minecraft) ThreadedAnvilChunkStorage: All dimensions are saved
[20:54:23] [Render thread/INFO] (Minecraft) Stopping!
